\BOOKMARK [1][-]{section*.1}{\376\377\000A\000b\000s\000t\000r\000a\000c\000t}{}% 1
\BOOKMARK [1][-]{section.1}{\376\377\0001\000\040\000I\000n\000t\000r\000o\000d\000u\000c\000t\000i\000o\000n}{}% 2
\BOOKMARK [1][-]{section.2}{\376\377\0002\000\040\000R\000e\000l\000a\000t\000e\000d\000\040\000w\000o\000r\000k}{}% 3
\BOOKMARK [1][-]{section.3}{\376\377\0003\000\040\000B\000a\000c\000k\000g\000r\000o\000u\000n\000d}{}% 4
\BOOKMARK [1][-]{section.4}{\376\377\0004\000\040\000H\000a\000d\000o\000o\000p\000\040\000c\000l\000u\000s\000t\000e\000r}{}% 5
\BOOKMARK [1][-]{section.5}{\376\377\0005\000\040\000Y\000o\000u\000r\000\040\000M\000e\000t\000h\000o\000d}{}% 6
\BOOKMARK [2][-]{subsection.5.1}{\376\377\0005\000.\0001\000\040\000D\000e\000s\000i\000g\000n}{section.5}% 7
\BOOKMARK [2][-]{subsection.5.2}{\376\377\0005\000.\0002\000\040\000A\000n\000a\000l\000y\000s\000i\000s}{section.5}% 8
\BOOKMARK [2][-]{subsection.5.3}{\376\377\0005\000.\0003\000\040\000O\000p\000t\000i\000m\000i\000z\000a\000t\000i\000o\000n}{section.5}% 9
\BOOKMARK [2][-]{subsection.5.4}{\376\377\0005\000.\0004\000\040\000I\000m\000p\000l\000e\000m\000e\000n\000t\000a\000t\000i\000o\000n}{section.5}% 10
\BOOKMARK [1][-]{section.6}{\376\377\0006\000\040\000E\000x\000p\000e\000r\000i\000m\000e\000n\000t\000a\000l\000\040\000E\000v\000a\000l\000u\000a\000t\000i\000o\000n}{}% 11
\BOOKMARK [2][-]{subsection.6.1}{\376\377\0006\000.\0001\000\040\000E\000x\000p\000e\000r\000i\000m\000e\000n\000t\000a\000l\000\040\000s\000e\000t\000u\000p}{section.6}% 12
\BOOKMARK [2][-]{subsection.6.2}{\376\377\0006\000.\0002\000\040\000R\000e\000s\000u\000l\000t\000s}{section.6}% 13
\BOOKMARK [1][-]{section.7}{\376\377\0007\000\040\000C\000o\000n\000c\000l\000u\000s\000i\000o\000n}{}% 14
\BOOKMARK [1][-]{section.8}{\376\377\0008\000\040\000C\000i\000t\000a\000t\000i\000o\000n}{}% 15
\BOOKMARK [1][-]{section.9}{\376\377\0009\000\040\000L\000a\000t\000e\000x}{}% 16
\BOOKMARK [2][-]{subsection.9.1}{\376\377\0009\000.\0001\000\040\000Y\000o\000u\000\040\000c\000a\000n\000\040\000a\000d\000d\000\040\000s\000u\000b\000s\000e\000c\000t\000i\000o\000n\000s}{section.9}% 17
\BOOKMARK [2][-]{subsection.9.2}{\376\377\0009\000.\0002\000\040\000F\000i\000g\000u\000r\000e\000s}{section.9}% 18
\BOOKMARK [2][-]{subsection.9.3}{\376\377\0009\000.\0003\000\040\000O\000t\000h\000e\000r\000\040\000t\000i\000p\000s}{section.9}% 19
\BOOKMARK [1][-]{section.10}{\376\377\0001\0000\000\040\000F\000u\000r\000t\000h\000e\000r\000\040\000R\000e\000a\000d\000i\000n\000g}{}% 20
\BOOKMARK [1][-]{section*.10}{\376\377\000R\000e\000f\000e\000r\000e\000n\000c\000e\000s}{}% 21
